[2023-03-08 10:02:36] [LAPTOP-A7QFO74C] [] [] [INFO] [MyProject.MyProjectApplication.logStarting] - Starting MyProjectApplication on LAPTOP-A7QFO74C with PID 15544 (C:\Users\kl405\Documents\workspace-spring-tool-suite-4-4.13.0.RELEASE\MyProject\target\classes started by kl405 in C:\Users\kl405\Documents\workspace-spring-tool-suite-4-4.13.0.RELEASE\MyProject) 
[2023-03-08 10:02:36] [LAPTOP-A7QFO74C] [] [] [INFO] [MyProject.MyProjectApplication.logStartupProfileInfo] - The following profiles are active: real 
[2023-03-08 10:02:36] [LAPTOP-A7QFO74C] [] [] [INFO] [o.s.b.d.restart.ChangeableUrls.logTo] - The Class-Path manifest attribute in C:\Users\kl405\Documents\workspace-spring-tool-suite-4-4.13.0.RELEASE\MyProject\src\main\webapp\WEB-INF\lib\ojdbc8-19.10.0.0.jar referenced one or more files that do not exist: file:/C:/Users/kl405/Documents/workspace-spring-tool-suite-4-4.13.0.RELEASE/MyProject/src/main/webapp/WEB-INF/lib/oraclepki.jar 
[2023-03-08 10:02:36] [LAPTOP-A7QFO74C] [] [] [INFO] [o.s.b.d.e.DevToolsPropertyDefaultsPostProcessor.logTo] - Devtools property defaults active! Set 'spring.devtools.add-properties' to 'false' to disable 
[2023-03-08 10:02:36] [LAPTOP-A7QFO74C] [] [] [INFO] [o.s.b.d.e.DevToolsPropertyDefaultsPostProcessor.logTo] - For additional web related logging consider setting the 'logging.level.web' property to 'DEBUG' 
[2023-03-08 10:02:37] [LAPTOP-A7QFO74C] [] [] [WARN] [o.m.s.mapper.ClassPathMapperScanner.doScan] - No MyBatis mapper was found in '[MyProject]' package. Please check your configuration. 
[2023-03-08 10:02:38] [LAPTOP-A7QFO74C] [] [] [INFO] [o.s.b.w.e.tomcat.TomcatWebServer.initialize] - Tomcat initialized with port(s): 9990 (http) 
[2023-03-08 10:02:38] [LAPTOP-A7QFO74C] [] [] [INFO] [o.a.coyote.http11.Http11NioProtocol.log] - Initializing ProtocolHandler ["http-nio-9990"] 
[2023-03-08 10:02:38] [LAPTOP-A7QFO74C] [] [] [INFO] [o.a.catalina.core.StandardService.log] - Starting service [Tomcat] 
[2023-03-08 10:02:38] [LAPTOP-A7QFO74C] [] [] [INFO] [o.a.catalina.core.StandardEngine.log] - Starting Servlet engine: [Apache Tomcat/9.0.38] 
[2023-03-08 10:02:38] [LAPTOP-A7QFO74C] [] [] [INFO] [org.apache.jasper.servlet.TldScanner.log] - At least one JAR was scanned for TLDs yet contained no TLDs. Enable debug logging for this logger for a complete list of JARs that were scanned but no TLDs were found in them. Skipping unneeded JARs during scanning can improve startup time and JSP compilation time. 
[2023-03-08 10:02:38] [LAPTOP-A7QFO74C] [] [] [INFO] [o.a.c.c.C.[Tomcat].[localhost].[/].log] - Initializing Spring embedded WebApplicationContext 
[2023-03-08 10:02:38] [LAPTOP-A7QFO74C] [] [] [INFO] [o.s.b.w.s.c.ServletWebServerApplicationContext.prepareWebApplicationContext] - Root WebApplicationContext: initialization completed in 2341 ms 
[2023-03-08 10:02:39] [LAPTOP-A7QFO74C] [] [] [INFO] [o.s.s.web.DefaultSecurityFilterChain.<init>] - Creating filter chain: any request, [org.springframework.security.web.context.request.async.WebAsyncManagerIntegrationFilter@4751d212, org.springframework.security.web.context.SecurityContextPersistenceFilter@4605f00f, org.springframework.security.web.header.HeaderWriterFilter@727b3bce, org.springframework.security.web.authentication.logout.LogoutFilter@4e02b6f9, org.springframework.security.web.savedrequest.RequestCacheAwareFilter@1d08b212, org.springframework.security.web.servletapi.SecurityContextHolderAwareRequestFilter@4a6c7990, org.springframework.security.web.authentication.AnonymousAuthenticationFilter@5e1478cb, org.springframework.security.web.session.SessionManagementFilter@528c27e3, org.springframework.security.web.access.ExceptionTranslationFilter@66879080, org.springframework.security.web.access.intercept.FilterSecurityInterceptor@666096ea] 
[2023-03-08 10:02:39] [LAPTOP-A7QFO74C] [] [] [INFO] [o.s.s.c.ThreadPoolTaskExecutor.initialize] - Initializing ExecutorService 'applicationTaskExecutor' 
[2023-03-08 10:02:39] [LAPTOP-A7QFO74C] [] [] [INFO] [o.s.s.c.ThreadPoolTaskScheduler.initialize] - Initializing ExecutorService 'taskScheduler' 
[2023-03-08 10:02:39] [LAPTOP-A7QFO74C] [] [] [INFO] [o.s.b.d.a.OptionalLiveReloadServer.startServer] - LiveReload server is running on port 35729 
[2023-03-08 10:02:39] [LAPTOP-A7QFO74C] [] [] [INFO] [o.s.b.a.e.web.EndpointLinksResolver.<init>] - Exposing 6 endpoint(s) beneath base path '/actuator' 
[2023-03-08 10:02:39] [LAPTOP-A7QFO74C] [] [] [INFO] [o.a.coyote.http11.Http11NioProtocol.log] - Starting ProtocolHandler ["http-nio-9990"] 
[2023-03-08 10:02:39] [LAPTOP-A7QFO74C] [] [] [INFO] [o.s.b.w.e.tomcat.TomcatWebServer.start] - Tomcat started on port(s): 9990 (http) with context path '' 
[2023-03-08 10:02:39] [LAPTOP-A7QFO74C] [] [] [INFO] [MyProject.MyProjectApplication.logStarted] - Started MyProjectApplication in 4.33 seconds (JVM running for 7.048) 
[2023-03-08 10:04:18] [LAPTOP-A7QFO74C] [] [] [INFO] [o.a.c.c.C.[Tomcat].[localhost].[/].log] - Initializing Spring DispatcherServlet 'dispatcherServlet' 
[2023-03-08 10:04:18] [LAPTOP-A7QFO74C] [] [] [INFO] [o.s.web.servlet.DispatcherServlet.initServletBean] - Initializing Servlet 'dispatcherServlet' 
[2023-03-08 10:04:18] [LAPTOP-A7QFO74C] [] [] [INFO] [o.s.web.servlet.DispatcherServlet.initServletBean] - Completed initialization in 8 ms 
[2023-03-08 11:38:05] [LAPTOP-A7QFO74C] [] [] [INFO] [o.s.b.a.SpringApplicationAdminMXBeanRegistrar$SpringApplicationAdmin.shutdown] - Application shutdown requested. 
[2023-03-08 11:38:05] [LAPTOP-A7QFO74C] [] [] [INFO] [o.s.s.c.ThreadPoolTaskScheduler.shutdown] - Shutting down ExecutorService 'taskScheduler' 
[2023-03-08 11:38:05] [LAPTOP-A7QFO74C] [] [] [INFO] [o.s.s.c.ThreadPoolTaskExecutor.shutdown] - Shutting down ExecutorService 'applicationTaskExecutor' 
