[2023-03-07 14:30:24] [LAPTOP-A7QFO74C] [] [] [INFO] [MyProject.MyProjectApplication.logStarting] - Starting MyProjectApplication on LAPTOP-A7QFO74C with PID 12096 (C:\Users\kl405\Documents\workspace-spring-tool-suite-4-4.13.0.RELEASE\MyProject\target\classes started by kl405 in C:\Users\kl405\Documents\workspace-spring-tool-suite-4-4.13.0.RELEASE\MyProject) 
[2023-03-07 14:30:24] [LAPTOP-A7QFO74C] [] [] [INFO] [MyProject.MyProjectApplication.logStartupProfileInfo] - The following profiles are active: real 
[2023-03-07 14:30:24] [LAPTOP-A7QFO74C] [] [] [INFO] [o.s.b.d.restart.ChangeableUrls.logTo] - The Class-Path manifest attribute in C:\Users\kl405\Documents\workspace-spring-tool-suite-4-4.13.0.RELEASE\MyProject\src\main\webapp\WEB-INF\lib\ojdbc8-19.10.0.0.jar referenced one or more files that do not exist: file:/C:/Users/kl405/Documents/workspace-spring-tool-suite-4-4.13.0.RELEASE/MyProject/src/main/webapp/WEB-INF/lib/oraclepki.jar 
[2023-03-07 14:30:24] [LAPTOP-A7QFO74C] [] [] [INFO] [o.s.b.d.e.DevToolsPropertyDefaultsPostProcessor.logTo] - Devtools property defaults active! Set 'spring.devtools.add-properties' to 'false' to disable 
[2023-03-07 14:30:24] [LAPTOP-A7QFO74C] [] [] [INFO] [o.s.b.d.e.DevToolsPropertyDefaultsPostProcessor.logTo] - For additional web related logging consider setting the 'logging.level.web' property to 'DEBUG' 
[2023-03-07 14:30:24] [LAPTOP-A7QFO74C] [] [] [WARN] [o.m.s.mapper.ClassPathMapperScanner.doScan] - No MyBatis mapper was found in '[MyProject]' package. Please check your configuration. 
[2023-03-07 14:30:25] [LAPTOP-A7QFO74C] [] [] [INFO] [o.s.b.w.e.tomcat.TomcatWebServer.initialize] - Tomcat initialized with port(s): 9990 (http) 
[2023-03-07 14:30:25] [LAPTOP-A7QFO74C] [] [] [INFO] [o.a.coyote.http11.Http11NioProtocol.log] - Initializing ProtocolHandler ["http-nio-9990"] 
[2023-03-07 14:30:25] [LAPTOP-A7QFO74C] [] [] [INFO] [o.a.catalina.core.StandardService.log] - Starting service [Tomcat] 
[2023-03-07 14:30:25] [LAPTOP-A7QFO74C] [] [] [INFO] [o.a.catalina.core.StandardEngine.log] - Starting Servlet engine: [Apache Tomcat/9.0.38] 
[2023-03-07 14:30:25] [LAPTOP-A7QFO74C] [] [] [INFO] [org.apache.jasper.servlet.TldScanner.log] - At least one JAR was scanned for TLDs yet contained no TLDs. Enable debug logging for this logger for a complete list of JARs that were scanned but no TLDs were found in them. Skipping unneeded JARs during scanning can improve startup time and JSP compilation time. 
[2023-03-07 14:30:25] [LAPTOP-A7QFO74C] [] [] [INFO] [o.a.c.c.C.[Tomcat].[localhost].[/].log] - Initializing Spring embedded WebApplicationContext 
[2023-03-07 14:30:25] [LAPTOP-A7QFO74C] [] [] [INFO] [o.s.b.w.s.c.ServletWebServerApplicationContext.prepareWebApplicationContext] - Root WebApplicationContext: initialization completed in 1831 ms 
[2023-03-07 14:30:26] [LAPTOP-A7QFO74C] [] [] [INFO] [o.s.s.web.DefaultSecurityFilterChain.<init>] - Creating filter chain: any request, [org.springframework.security.web.context.request.async.WebAsyncManagerIntegrationFilter@6234bf5f, org.springframework.security.web.context.SecurityContextPersistenceFilter@791f4166, org.springframework.security.web.header.HeaderWriterFilter@3d1d59b1, org.springframework.security.web.authentication.logout.LogoutFilter@17782a2c, org.springframework.security.web.savedrequest.RequestCacheAwareFilter@7caa1dec, org.springframework.security.web.servletapi.SecurityContextHolderAwareRequestFilter@1a878787, org.springframework.security.web.authentication.AnonymousAuthenticationFilter@691bff5a, org.springframework.security.web.session.SessionManagementFilter@625b13a6, org.springframework.security.web.access.ExceptionTranslationFilter@32cf5eb2, org.springframework.security.web.access.intercept.FilterSecurityInterceptor@47dc16eb] 
[2023-03-07 14:30:26] [LAPTOP-A7QFO74C] [] [] [INFO] [o.s.s.c.ThreadPoolTaskExecutor.initialize] - Initializing ExecutorService 'applicationTaskExecutor' 
[2023-03-07 14:30:27] [LAPTOP-A7QFO74C] [] [] [INFO] [o.s.s.c.ThreadPoolTaskScheduler.initialize] - Initializing ExecutorService 'taskScheduler' 
[2023-03-07 14:30:27] [LAPTOP-A7QFO74C] [] [] [WARN] [o.s.b.d.a.OptionalLiveReloadServer.startServer] - Unable to start LiveReload server 
[2023-03-07 14:30:27] [LAPTOP-A7QFO74C] [] [] [INFO] [o.s.b.a.e.web.EndpointLinksResolver.<init>] - Exposing 6 endpoint(s) beneath base path '/actuator' 
[2023-03-07 14:30:27] [LAPTOP-A7QFO74C] [] [] [INFO] [o.a.coyote.http11.Http11NioProtocol.log] - Starting ProtocolHandler ["http-nio-9990"] 
[2023-03-07 14:30:27] [LAPTOP-A7QFO74C] [] [] [INFO] [o.s.b.w.e.tomcat.TomcatWebServer.start] - Tomcat started on port(s): 9990 (http) with context path '' 
[2023-03-07 14:30:27] [LAPTOP-A7QFO74C] [] [] [INFO] [MyProject.MyProjectApplication.logStarted] - Started MyProjectApplication in 3.595 seconds (JVM running for 6.073) 
[2023-03-07 14:31:51] [LAPTOP-A7QFO74C] [] [] [INFO] [o.s.b.a.SpringApplicationAdminMXBeanRegistrar$SpringApplicationAdmin.shutdown] - Application shutdown requested. 
[2023-03-07 14:31:52] [LAPTOP-A7QFO74C] [] [] [INFO] [o.s.s.c.ThreadPoolTaskScheduler.shutdown] - Shutting down ExecutorService 'taskScheduler' 
[2023-03-07 14:31:52] [LAPTOP-A7QFO74C] [] [] [INFO] [o.s.s.c.ThreadPoolTaskExecutor.shutdown] - Shutting down ExecutorService 'applicationTaskExecutor' 
[2023-03-07 17:18:40] [LAPTOP-A7QFO74C] [] [] [INFO] [MyProject.MyProjectApplication.logStarting] - Starting MyProjectApplication on LAPTOP-A7QFO74C with PID 11832 (C:\Users\kl405\Documents\workspace-spring-tool-suite-4-4.13.0.RELEASE\MyProject\target\classes started by kl405 in C:\Users\kl405\Documents\workspace-spring-tool-suite-4-4.13.0.RELEASE\MyProject) 
[2023-03-07 17:18:40] [LAPTOP-A7QFO74C] [] [] [INFO] [MyProject.MyProjectApplication.logStartupProfileInfo] - The following profiles are active: real 
[2023-03-07 17:18:40] [LAPTOP-A7QFO74C] [] [] [INFO] [o.s.b.d.restart.ChangeableUrls.logTo] - The Class-Path manifest attribute in C:\Users\kl405\Documents\workspace-spring-tool-suite-4-4.13.0.RELEASE\MyProject\src\main\webapp\WEB-INF\lib\ojdbc8-19.10.0.0.jar referenced one or more files that do not exist: file:/C:/Users/kl405/Documents/workspace-spring-tool-suite-4-4.13.0.RELEASE/MyProject/src/main/webapp/WEB-INF/lib/oraclepki.jar 
[2023-03-07 17:18:40] [LAPTOP-A7QFO74C] [] [] [INFO] [o.s.b.d.e.DevToolsPropertyDefaultsPostProcessor.logTo] - Devtools property defaults active! Set 'spring.devtools.add-properties' to 'false' to disable 
[2023-03-07 17:18:40] [LAPTOP-A7QFO74C] [] [] [INFO] [o.s.b.d.e.DevToolsPropertyDefaultsPostProcessor.logTo] - For additional web related logging consider setting the 'logging.level.web' property to 'DEBUG' 
[2023-03-07 17:18:40] [LAPTOP-A7QFO74C] [] [] [WARN] [o.m.s.mapper.ClassPathMapperScanner.doScan] - No MyBatis mapper was found in '[MyProject]' package. Please check your configuration. 
[2023-03-07 17:18:41] [LAPTOP-A7QFO74C] [] [] [INFO] [o.s.b.w.e.tomcat.TomcatWebServer.initialize] - Tomcat initialized with port(s): 9990 (http) 
[2023-03-07 17:18:41] [LAPTOP-A7QFO74C] [] [] [INFO] [o.a.coyote.http11.Http11NioProtocol.log] - Initializing ProtocolHandler ["http-nio-9990"] 
[2023-03-07 17:18:41] [LAPTOP-A7QFO74C] [] [] [INFO] [o.a.catalina.core.StandardService.log] - Starting service [Tomcat] 
[2023-03-07 17:18:41] [LAPTOP-A7QFO74C] [] [] [INFO] [o.a.catalina.core.StandardEngine.log] - Starting Servlet engine: [Apache Tomcat/9.0.38] 
[2023-03-07 17:18:41] [LAPTOP-A7QFO74C] [] [] [INFO] [org.apache.jasper.servlet.TldScanner.log] - At least one JAR was scanned for TLDs yet contained no TLDs. Enable debug logging for this logger for a complete list of JARs that were scanned but no TLDs were found in them. Skipping unneeded JARs during scanning can improve startup time and JSP compilation time. 
[2023-03-07 17:18:41] [LAPTOP-A7QFO74C] [] [] [INFO] [o.a.c.c.C.[Tomcat].[localhost].[/].log] - Initializing Spring embedded WebApplicationContext 
[2023-03-07 17:18:41] [LAPTOP-A7QFO74C] [] [] [INFO] [o.s.b.w.s.c.ServletWebServerApplicationContext.prepareWebApplicationContext] - Root WebApplicationContext: initialization completed in 1798 ms 
[2023-03-07 17:18:42] [LAPTOP-A7QFO74C] [] [] [INFO] [o.s.s.web.DefaultSecurityFilterChain.<init>] - Creating filter chain: any request, [org.springframework.security.web.context.request.async.WebAsyncManagerIntegrationFilter@4c30c734, org.springframework.security.web.context.SecurityContextPersistenceFilter@1d9f495d, org.springframework.security.web.header.HeaderWriterFilter@274820d5, org.springframework.security.web.authentication.logout.LogoutFilter@7cbb66b1, org.springframework.security.web.savedrequest.RequestCacheAwareFilter@7ec728e2, org.springframework.security.web.servletapi.SecurityContextHolderAwareRequestFilter@1eb2d20e, org.springframework.security.web.authentication.AnonymousAuthenticationFilter@4b784d1b, org.springframework.security.web.session.SessionManagementFilter@19348d01, org.springframework.security.web.access.ExceptionTranslationFilter@52f3fe0, org.springframework.security.web.access.intercept.FilterSecurityInterceptor@58fe36f9] 
[2023-03-07 17:18:42] [LAPTOP-A7QFO74C] [] [] [INFO] [o.s.s.c.ThreadPoolTaskExecutor.initialize] - Initializing ExecutorService 'applicationTaskExecutor' 
[2023-03-07 17:18:43] [LAPTOP-A7QFO74C] [] [] [INFO] [o.s.s.c.ThreadPoolTaskScheduler.initialize] - Initializing ExecutorService 'taskScheduler' 
[2023-03-07 17:18:43] [LAPTOP-A7QFO74C] [] [] [INFO] [o.s.b.d.a.OptionalLiveReloadServer.startServer] - LiveReload server is running on port 35729 
[2023-03-07 17:18:43] [LAPTOP-A7QFO74C] [] [] [INFO] [o.s.b.a.e.web.EndpointLinksResolver.<init>] - Exposing 6 endpoint(s) beneath base path '/actuator' 
[2023-03-07 17:18:43] [LAPTOP-A7QFO74C] [] [] [INFO] [o.a.coyote.http11.Http11NioProtocol.log] - Starting ProtocolHandler ["http-nio-9990"] 
[2023-03-07 17:18:43] [LAPTOP-A7QFO74C] [] [] [INFO] [o.s.b.w.e.tomcat.TomcatWebServer.start] - Tomcat started on port(s): 9990 (http) with context path '' 
[2023-03-07 17:18:43] [LAPTOP-A7QFO74C] [] [] [INFO] [MyProject.MyProjectApplication.logStarted] - Started MyProjectApplication in 3.649 seconds (JVM running for 5.822) 
[2023-03-07 17:20:47] [LAPTOP-A7QFO74C] [] [] [INFO] [o.a.c.c.C.[Tomcat].[localhost].[/].log] - Initializing Spring DispatcherServlet 'dispatcherServlet' 
[2023-03-07 17:20:47] [LAPTOP-A7QFO74C] [] [] [INFO] [o.s.web.servlet.DispatcherServlet.initServletBean] - Initializing Servlet 'dispatcherServlet' 
[2023-03-07 17:20:47] [LAPTOP-A7QFO74C] [] [] [INFO] [o.s.web.servlet.DispatcherServlet.initServletBean] - Completed initialization in 7 ms 
[2023-03-07 18:29:26] [LAPTOP-A7QFO74C] [] [] [INFO] [o.s.b.a.SpringApplicationAdminMXBeanRegistrar$SpringApplicationAdmin.shutdown] - Application shutdown requested. 
[2023-03-07 18:29:26] [LAPTOP-A7QFO74C] [] [] [INFO] [o.s.s.c.ThreadPoolTaskScheduler.shutdown] - Shutting down ExecutorService 'taskScheduler' 
[2023-03-07 18:29:26] [LAPTOP-A7QFO74C] [] [] [INFO] [o.s.s.c.ThreadPoolTaskExecutor.shutdown] - Shutting down ExecutorService 'applicationTaskExecutor' 
